[35m[Appium][39m Welcome to Appium v1.22.3
[35m[Appium][39m Non-default server args:
[35m[Appium][39m   port: 50627
[35m[Appium][39m   loglevel: info
[35m[Appium][39m   tmpDir: C:\Users\user\AppData\Local\Temp\\Katalon\Appium\Temp1705321135260
[35m[Appium][39m   chromedriverPort: 50628
[35m[Appium][39m Deprecated server args:
[35m[Appium][39m   [31m--chromedriver-port[39m => --default-capabilities
[35m[Appium][39m Default capabilities, which will be added to each request unless overridden by desired capabilities:
[35m[Appium][39m   chromedriverPort: 50628
[35m[Appium][39m Appium REST http interface listener started on 0.0.0.0:50627
[35m[HTTP][39m [37m-->[39m [37mGET[39m [37m/wd/hub/status[39m
[35m[HTTP][39m [90m{}[39m
[35m[HTTP][39m [37m<-- GET /wd/hub/status [39m[32m200[39m [90m17 ms - 68[39m
[35m[HTTP][39m [90m[39m
[35m[HTTP][39m [37m-->[39m [37mGET[39m [37m/wd/hub/status[39m
[35m[HTTP][39m [90m{}[39m
[35m[HTTP][39m [37m<-- GET /wd/hub/status [39m[32m200[39m [90m2 ms - 68[39m
[35m[HTTP][39m [90m[39m
[35m[HTTP][39m [37m-->[39m [37mPOST[39m [37m/wd/hub/session[39m
[35m[HTTP][39m [90m{"desiredCapabilities":{"app":"C:\\Users\\user\\Katalon Studio\\Happy Day Shopping\\mobileapp\\Happy Day Shopping_v1.1.apk","noReset":true,"deviceName":"emulator-5554 (sdk_gphone64_x86_64 - Android 12)","fullReset":false,"platform":"ANDROID","newCommandTimeout":1800,"platformVersion":"12","automationName":"uiautomator2","autoGrantPermissions":true,"platformName":"Android","udid":"emulator-5554","systemPort":50638},"capabilities":{"firstMatch":[{"appium:app":"C:\\Users\\user\\Katalon Studio\\Happy Day Shopping\\mobileapp\\Happy Day Shopping_v1.1.apk","appium:autoGrantPermissions":true,"appium:automationName":"uiautomator2","appium:deviceName":"emulator-5554 (sdk_gphone64_x86_64 - Android 12)","appium:fullReset":false,"appium:newCommandTimeout":1800,"appium:noReset":true,"platform":"ANDROID","platformName":"android","appium:platformVersion":"12","appium:systemPort":50638,"appium:udid":"emulator-5554"}]}}[39m
[35m[BaseDriver][39m The following capabilities are not standard capabilities and should have an extension prefix:
[35m[BaseDriver][39m   platform
[35m[BaseDriver][39m   chromedriverPort
[35m[Appium][39m Appium v1.22.3 creating new AndroidUiautomator2Driver (v1.70.1) session
[35m[BaseDriver][39m The following capabilities were provided, but are not recognized by Appium:
[35m[BaseDriver][39m   platform
[35m[BaseDriver][39m Session created with session id: 5d20ecee-84c0-460f-9ac1-5a9ff4dfe4f8
[35m[BaseDriver][39m Using local app 'C:\Users\user\Katalon Studio\Happy Day Shopping\mobileapp\Happy Day Shopping_v1.1.apk'
[35m[ADB][39m Found 2 'build-tools' folders under 'C:\Users\user\AppData\Local\Android\Sdk' (newest first):
[35m[ADB][39m     C:/Users/user/AppData/Local/Android/Sdk/build-tools/34.0.0
[35m[ADB][39m     C:/Users/user/AppData/Local/Android/Sdk/build-tools/33.0.1
[35m[ADB][39m Using 'adb.exe' from 'C:\Users\user\AppData\Local\Android\Sdk\platform-tools\adb.exe'
[35m[AndroidDriver][39m Retrieving device list
[35m[AndroidDriver][39m Using device: emulator-5554
[35m[ADB][39m Using 'adb.exe' from 'C:\Users\user\AppData\Local\Android\Sdk\platform-tools\adb.exe'
[35m[ADB][39m Getting device platform version
[35m[UiAutomator2][39m Relaxing hidden api policy
[35m[ADB][39m Package name: 'com.ecwid.ShopAt.HappyDayShopping'
[35m[ADB][39m Main activity name: 'com.pb.MainActivity'
[35m[ADB][39m Using 'apksigner.jar' from 'C:\Users\user\AppData\Local\Android\Sdk\build-tools\34.0.0\lib\apksigner.jar'
[35m[ADB][39m 'C:\Users\user\AppData\Roaming\npm\node_modules\appium\node_modules\appium-uiautomator2-server\apks\appium-uiautomator2-server-v4.27.0.apk' is signed with the default certificate
[35m[ADB][39m 'C:\Users\user\AppData\Roaming\npm\node_modules\appium\node_modules\appium-uiautomator2-server\apks\appium-uiautomator2-server-debug-androidTest.apk' is signed with the default certificate
[35m[UiAutomator2][39m Server packages are not going to be (re)installed
[35m[ADB][39m Adding packages ["io.appium.settings","io.appium.uiautomator2.server","io.appium.uiautomator2.server.test"] to Doze whitelist
[35m[ADB][39m 'C:\Users\user\Katalon Studio\Happy Day Shopping\mobileapp\Happy Day Shopping_v1.1.apk' is signed with a non-default certificate
[35m[ADB][39m The application at 'C:\Users\user\Katalon Studio\Happy Day Shopping\mobileapp\Happy Day Shopping_v1.1.apk' will not be cached, because the device under test has confirmed the support of streamed installs
[35m[ADB][39m The installation of 'Happy Day Shopping_v1.1.apk' took 4148ms
[35m[UiAutomator2][39m Starting UIAutomator2 server 4.27.0
[35m[UiAutomator2][39m Using UIAutomator2 server from 'C:\Users\user\AppData\Roaming\npm\node_modules\appium\node_modules\appium-uiautomator2-server\apks\appium-uiautomator2-server-v4.27.0.apk' and test from 'C:\Users\user\AppData\Roaming\npm\node_modules\appium\node_modules\appium-uiautomator2-server\apks\appium-uiautomator2-server-debug-androidTest.apk'
[35m[UiAutomator2][39m Waiting up to 30000ms for UiAutomator2 to be online...
[35m[WD Proxy][39m socket hang up
[35m[WD Proxy][39m socket hang up
[35m[WD Proxy][39m socket hang up
[35m[WD Proxy][39m socket hang up
[35m[WD Proxy][39m socket hang up
[35m[WD Proxy][39m socket hang up
[35m[WD Proxy][39m socket hang up
[35m[WD Proxy][39m Determined the downstream protocol as 'W3C'
[35m[AndroidDriver][39m Screen already unlocked, doing nothing
[35m[UiAutomator2][39m Starting 'com.ecwid.ShopAt.HappyDayShopping/com.pb.MainActivity and waiting for 'com.ecwid.ShopAt.HappyDayShopping/com.pb.MainActivity'
[35m[Appium][39m New AndroidUiautomator2Driver session created successfully, session 5d20ecee-84c0-460f-9ac1-5a9ff4dfe4f8 added to master session list
[35m[HTTP][39m [37m<-- POST /wd/hub/session [39m[32m200[39m [90m26460 ms - 1387[39m
[35m[HTTP][39m [90m[39m
[35m[HTTP][39m [37m-->[39m [37mGET[39m [37m/wd/hub/session/5d20ecee-84c0-460f-9ac1-5a9ff4dfe4f8[39m
[35m[HTTP][39m [90m{}[39m
[35m[HTTP][39m [37m<-- GET /wd/hub/session/5d20ecee-84c0-460f-9ac1-5a9ff4dfe4f8 [39m[32m200[39m [90m46 ms - 1341[39m
[35m[HTTP][39m [90m[39m
[35m[HTTP][39m [37m-->[39m [37mGET[39m [37m/wd/hub/session/5d20ecee-84c0-460f-9ac1-5a9ff4dfe4f8[39m
[35m[HTTP][39m [90m{}[39m
[35m[HTTP][39m [37m<-- GET /wd/hub/session/5d20ecee-84c0-460f-9ac1-5a9ff4dfe4f8 [39m[32m200[39m [90m37 ms - 1341[39m
[35m[HTTP][39m [90m[39m
[35m[HTTP][39m [37m-->[39m [37mGET[39m [37m/wd/hub/status[39m
[35m[HTTP][39m [90m{}[39m
[35m[HTTP][39m [37m<-- GET /wd/hub/status [39m[32m200[39m [90m1 ms - 68[39m
[35m[HTTP][39m [90m[39m
[35m[HTTP][39m [37m-->[39m [37mPOST[39m [37m/wd/hub/session/5d20ecee-84c0-460f-9ac1-5a9ff4dfe4f8/timeouts[39m
[35m[HTTP][39m [90m{"implicit":60000}[39m
[35m[HTTP][39m [37m<-- POST /wd/hub/session/5d20ecee-84c0-460f-9ac1-5a9ff4dfe4f8/timeouts [39m[32m200[39m [90m6 ms - 14[39m
[35m[HTTP][39m [90m[39m
[35m[HTTP][39m [37m-->[39m [37mGET[39m [37m/wd/hub/session/5d20ecee-84c0-460f-9ac1-5a9ff4dfe4f8/source[39m
[35m[HTTP][39m [90m{}[39m
[35m[W3C (5d20ecee)][39m Driver proxy active, passing request on via HTTP proxy
[35m[WD Proxy][39m Replacing sessionId 985e3ffa-25d7-4d07-8fc4-d411fd1db159 with 5d20ecee-84c0-460f-9ac1-5a9ff4dfe4f8
[35m[HTTP][39m [37m<-- GET /wd/hub/session/5d20ecee-84c0-460f-9ac1-5a9ff4dfe4f8/source [39m[32m200[39m [90m672 ms - 2867[39m
[35m[HTTP][39m [90m[39m
[35m[HTTP][39m [37m-->[39m [37mGET[39m [37m/wd/hub/session/5d20ecee-84c0-460f-9ac1-5a9ff4dfe4f8/screenshot[39m
[35m[HTTP][39m [90m{}[39m
[35m[HTTP][39m [37m<-- GET /wd/hub/session/5d20ecee-84c0-460f-9ac1-5a9ff4dfe4f8/screenshot [39m[32m200[39m [90m1490 ms - 35470[39m
[35m[HTTP][39m [90m[39m
[35m[HTTP][39m [37m-->[39m [37mGET[39m [37m/wd/hub/session/5d20ecee-84c0-460f-9ac1-5a9ff4dfe4f8/source[39m
[35m[HTTP][39m [90m{}[39m
[35m[W3C (5d20ecee)][39m Driver proxy active, passing request on via HTTP proxy
[35m[WD Proxy][39m Replacing sessionId 985e3ffa-25d7-4d07-8fc4-d411fd1db159 with 5d20ecee-84c0-460f-9ac1-5a9ff4dfe4f8
[35m[HTTP][39m [37m<-- GET /wd/hub/session/5d20ecee-84c0-460f-9ac1-5a9ff4dfe4f8/source [39m[32m200[39m [90m528 ms - 32084[39m
[35m[HTTP][39m [90m[39m
[35m[HTTP][39m [37m-->[39m [37mGET[39m [37m/wd/hub/session/5d20ecee-84c0-460f-9ac1-5a9ff4dfe4f8/screenshot[39m
[35m[HTTP][39m [90m{}[39m
[35m[HTTP][39m [37m<-- GET /wd/hub/session/5d20ecee-84c0-460f-9ac1-5a9ff4dfe4f8/screenshot [39m[32m200[39m [90m3412 ms - 2324064[39m
[35m[HTTP][39m [90m[39m
[35m[HTTP][39m [37m-->[39m [37mPOST[39m [37m/wd/hub/session/5d20ecee-84c0-460f-9ac1-5a9ff4dfe4f8/elements[39m
[35m[HTTP][39m [90m{"using":"xpath","value":"//*[@class = 'android.view.ViewGroup' and (@text = '' or . = '')]"}[39m
[35m[HTTP][39m [37m<-- POST /wd/hub/session/5d20ecee-84c0-460f-9ac1-5a9ff4dfe4f8/elements [39m[32m200[39m [90m1241 ms - 4747[39m
[35m[HTTP][39m [90m[39m
[35m[HTTP][39m [37m-->[39m [37mPOST[39m [37m/wd/hub/session/5d20ecee-84c0-460f-9ac1-5a9ff4dfe4f8/elements[39m
[35m[HTTP][39m [90m{"using":"-android uiautomator","value":"new UiSelector().className(\"android.view.ViewGroup\")"}[39m
[35m[HTTP][39m [37m<-- POST /wd/hub/session/5d20ecee-84c0-460f-9ac1-5a9ff4dfe4f8/elements [39m[32m200[39m [90m448 ms - 4747[39m
[35m[HTTP][39m [90m[39m
[35m[HTTP][39m [37m-->[39m [37mGET[39m [37m/wd/hub/session/5d20ecee-84c0-460f-9ac1-5a9ff4dfe4f8/window/rect[39m
[35m[HTTP][39m [90m{}[39m
[35m[HTTP][39m [37m<-- GET /wd/hub/session/5d20ecee-84c0-460f-9ac1-5a9ff4dfe4f8/window/rect [39m[32m200[39m [90m30 ms - 50[39m
[35m[HTTP][39m [90m[39m
[35m[HTTP][39m [37m-->[39m [37mPOST[39m [37m/wd/hub/session/5d20ecee-84c0-460f-9ac1-5a9ff4dfe4f8/elements[39m
[35m[HTTP][39m [90m{"using":"xpath","value":"//hierarchy/android.widget.FrameLayout[1]/android.widget.LinearLayout[1]/android.widget.FrameLayout[1]/android.widget.LinearLayout[1]/android.widget.FrameLayout[1]/android.widget.FrameLayout[1]/android.view.ViewGroup[1]/android.view.ViewGroup[2]/android.view.ViewGroup[1]/android.view.ViewGroup[1]/android.view.ViewGroup[1]/android.view.ViewGroup[1]/android.view.ViewGroup[1]/android.view.ViewGroup[1]/android.view.ViewGroup[1]/android.widget.ScrollView[1]/android.view.ViewGroup[1]/android.widget.ScrollView[1]/android.view.ViewGroup[1]/android.widget.ScrollView[1]/android.view.ViewGroup[1]/android.view.ViewGroup[2]/android.view.ViewGroup[1]/android.view.ViewGroup[1]/android.view.ViewGroup[1]"}[39m
[35m[HTTP][39m [37m<-- POST /wd/hub/session/5d20ecee-84c0-460f-9ac1-5a9ff4dfe4f8/elements [39m[32m200[39m [90m205 ms - 139[39m
[35m[HTTP][39m [90m[39m
[35m[HTTP][39m [37m-->[39m [37mGET[39m [37m/wd/hub/session/5d20ecee-84c0-460f-9ac1-5a9ff4dfe4f8/element/00000000-0000-0012-ffff-ffff000000a4/location[39m
[35m[HTTP][39m [90m{}[39m
[35m[W3C (5d20ecee)][39m Driver proxy active, passing request on via HTTP proxy
[35m[WD Proxy][39m Replacing sessionId 985e3ffa-25d7-4d07-8fc4-d411fd1db159 with 5d20ecee-84c0-460f-9ac1-5a9ff4dfe4f8
[35m[HTTP][39m [37m<-- GET /wd/hub/session/5d20ecee-84c0-460f-9ac1-5a9ff4dfe4f8/element/00000000-0000-0012-ffff-ffff000000a4/location [39m[32m200[39m [90m29 ms - 78[39m
[35m[HTTP][39m [90m[39m
[35m[HTTP][39m [37m-->[39m [37mPOST[39m [37m/wd/hub/session/5d20ecee-84c0-460f-9ac1-5a9ff4dfe4f8/element/00000000-0000-0012-ffff-ffff000000a4/click[39m
[35m[HTTP][39m [90m{"id":"00000000-0000-0012-ffff-ffff000000a4"}[39m
[35m[HTTP][39m [37m<-- POST /wd/hub/session/5d20ecee-84c0-460f-9ac1-5a9ff4dfe4f8/element/00000000-0000-0012-ffff-ffff000000a4/click [39m[32m200[39m [90m106 ms - 14[39m
[35m[HTTP][39m [90m[39m
[35m[HTTP][39m [37m-->[39m [37mGET[39m [37m/wd/hub/session/5d20ecee-84c0-460f-9ac1-5a9ff4dfe4f8/source[39m
[35m[HTTP][39m [90m{}[39m
[35m[W3C (5d20ecee)][39m Driver proxy active, passing request on via HTTP proxy
[35m[WD Proxy][39m Replacing sessionId 985e3ffa-25d7-4d07-8fc4-d411fd1db159 with 5d20ecee-84c0-460f-9ac1-5a9ff4dfe4f8
[35m[HTTP][39m [37m<-- GET /wd/hub/session/5d20ecee-84c0-460f-9ac1-5a9ff4dfe4f8/source [39m[32m200[39m [90m995 ms - 24838[39m
[35m[HTTP][39m [90m[39m
[35m[HTTP][39m [37m-->[39m [37mGET[39m [37m/wd/hub/session/5d20ecee-84c0-460f-9ac1-5a9ff4dfe4f8/screenshot[39m
[35m[HTTP][39m [90m{}[39m
[35m[HTTP][39m [37m<-- GET /wd/hub/session/5d20ecee-84c0-460f-9ac1-5a9ff4dfe4f8/screenshot [39m[32m200[39m [90m1223 ms - 71066[39m
[35m[HTTP][39m [90m[39m
[35m[HTTP][39m [37m-->[39m [37mGET[39m [37m/wd/hub/session/5d20ecee-84c0-460f-9ac1-5a9ff4dfe4f8/source[39m
[35m[HTTP][39m [90m{}[39m
[35m[W3C (5d20ecee)][39m Driver proxy active, passing request on via HTTP proxy
[35m[WD Proxy][39m Replacing sessionId 985e3ffa-25d7-4d07-8fc4-d411fd1db159 with 5d20ecee-84c0-460f-9ac1-5a9ff4dfe4f8
[35m[HTTP][39m [37m<-- GET /wd/hub/session/5d20ecee-84c0-460f-9ac1-5a9ff4dfe4f8/source [39m[32m200[39m [90m537 ms - 40491[39m
[35m[HTTP][39m [90m[39m
[35m[HTTP][39m [37m-->[39m [37mGET[39m [37m/wd/hub/session/5d20ecee-84c0-460f-9ac1-5a9ff4dfe4f8/screenshot[39m
[35m[HTTP][39m [90m{}[39m
[35m[HTTP][39m [37m<-- GET /wd/hub/session/5d20ecee-84c0-460f-9ac1-5a9ff4dfe4f8/screenshot [39m[32m200[39m [90m1764 ms - 847376[39m
[35m[HTTP][39m [90m[39m
[35m[HTTP][39m [37m-->[39m [37mPOST[39m [37m/wd/hub/session/5d20ecee-84c0-460f-9ac1-5a9ff4dfe4f8/elements[39m
[35m[HTTP][39m [90m{"using":"xpath","value":"//*[@class = 'android.view.ViewGroup' and (@text = '' or . = '')]"}[39m
[35m[HTTP][39m [37m<-- POST /wd/hub/session/5d20ecee-84c0-460f-9ac1-5a9ff4dfe4f8/elements [39m[32m200[39m [90m533 ms - 5643[39m
[35m[HTTP][39m [90m[39m
[35m[HTTP][39m [37m-->[39m [37mPOST[39m [37m/wd/hub/session/5d20ecee-84c0-460f-9ac1-5a9ff4dfe4f8/elements[39m
[35m[HTTP][39m [90m{"using":"-android uiautomator","value":"new UiSelector().className(\"android.view.ViewGroup\")"}[39m
[35m[HTTP][39m [37m<-- POST /wd/hub/session/5d20ecee-84c0-460f-9ac1-5a9ff4dfe4f8/elements [39m[32m200[39m [90m698 ms - 5643[39m
[35m[HTTP][39m [90m[39m
[35m[HTTP][39m [37m-->[39m [37mGET[39m [37m/wd/hub/session/5d20ecee-84c0-460f-9ac1-5a9ff4dfe4f8/window/rect[39m
[35m[HTTP][39m [90m{}[39m
[35m[HTTP][39m [37m<-- GET /wd/hub/session/5d20ecee-84c0-460f-9ac1-5a9ff4dfe4f8/window/rect [39m[32m200[39m [90m191 ms - 50[39m
[35m[HTTP][39m [90m[39m
[35m[HTTP][39m [37m-->[39m [37mPOST[39m [37m/wd/hub/session/5d20ecee-84c0-460f-9ac1-5a9ff4dfe4f8/elements[39m
[35m[HTTP][39m [90m{"using":"xpath","value":"//hierarchy/android.widget.FrameLayout[1]/android.widget.LinearLayout[1]/android.widget.FrameLayout[1]/android.widget.LinearLayout[1]/android.widget.FrameLayout[1]/android.widget.FrameLayout[1]/android.view.ViewGroup[1]/android.view.ViewGroup[2]/android.view.ViewGroup[1]/android.view.ViewGroup[1]/android.view.ViewGroup[1]/android.view.ViewGroup[1]/android.view.ViewGroup[1]/android.view.ViewGroup[1]/android.view.ViewGroup[1]/android.widget.ScrollView[1]/android.view.ViewGroup[1]/android.widget.ScrollView[1]/android.view.ViewGroup[1]/android.view.ViewGroup[1]/android.view.ViewGroup[1]/android.view.ViewGroup[1]/android.view.ViewGroup[1]"}[39m
[35m[HTTP][39m [37m<-- POST /wd/hub/session/5d20ecee-84c0-460f-9ac1-5a9ff4dfe4f8/elements [39m[32m200[39m [90m402 ms - 139[39m
[35m[HTTP][39m [90m[39m
[35m[HTTP][39m [37m-->[39m [37mGET[39m [37m/wd/hub/session/5d20ecee-84c0-460f-9ac1-5a9ff4dfe4f8/element/00000000-0000-0012-ffff-ffff0000011f/location[39m
[35m[HTTP][39m [90m{}[39m
[35m[W3C (5d20ecee)][39m Driver proxy active, passing request on via HTTP proxy
[35m[WD Proxy][39m Replacing sessionId 985e3ffa-25d7-4d07-8fc4-d411fd1db159 with 5d20ecee-84c0-460f-9ac1-5a9ff4dfe4f8
[35m[HTTP][39m [37m<-- GET /wd/hub/session/5d20ecee-84c0-460f-9ac1-5a9ff4dfe4f8/element/00000000-0000-0012-ffff-ffff0000011f/location [39m[32m200[39m [90m23 ms - 77[39m
[35m[HTTP][39m [90m[39m
[35m[HTTP][39m [37m-->[39m [37mPOST[39m [37m/wd/hub/session/5d20ecee-84c0-460f-9ac1-5a9ff4dfe4f8/element/00000000-0000-0012-ffff-ffff0000011f/click[39m
[35m[HTTP][39m [90m{"id":"00000000-0000-0012-ffff-ffff0000011f"}[39m
[35m[HTTP][39m [37m<-- POST /wd/hub/session/5d20ecee-84c0-460f-9ac1-5a9ff4dfe4f8/element/00000000-0000-0012-ffff-ffff0000011f/click [39m[32m200[39m [90m68 ms - 14[39m
[35m[HTTP][39m [90m[39m
[35m[HTTP][39m [37m-->[39m [37mGET[39m [37m/wd/hub/session/5d20ecee-84c0-460f-9ac1-5a9ff4dfe4f8/source[39m
[35m[HTTP][39m [90m{}[39m
[35m[W3C (5d20ecee)][39m Driver proxy active, passing request on via HTTP proxy
[35m[WD Proxy][39m Replacing sessionId 985e3ffa-25d7-4d07-8fc4-d411fd1db159 with 5d20ecee-84c0-460f-9ac1-5a9ff4dfe4f8
[35m[HTTP][39m [37m<-- GET /wd/hub/session/5d20ecee-84c0-460f-9ac1-5a9ff4dfe4f8/source [39m[32m200[39m [90m800 ms - 23080[39m
[35m[HTTP][39m [90m[39m
[35m[HTTP][39m [37m-->[39m [37mGET[39m [37m/wd/hub/session/5d20ecee-84c0-460f-9ac1-5a9ff4dfe4f8/screenshot[39m
[35m[HTTP][39m [90m{}[39m
[35m[HTTP][39m [37m<-- GET /wd/hub/session/5d20ecee-84c0-460f-9ac1-5a9ff4dfe4f8/screenshot [39m[32m200[39m [90m1772 ms - 1043892[39m
[35m[HTTP][39m [90m[39m
[35m[HTTP][39m [37m-->[39m [37mPOST[39m [37m/wd/hub/session/5d20ecee-84c0-460f-9ac1-5a9ff4dfe4f8/elements[39m
[35m[HTTP][39m [90m{"using":"xpath","value":"//*[@class = 'android.widget.EditText' and (@text = '1' or . = '1')]"}[39m
[35m[HTTP][39m [37m<-- POST /wd/hub/session/5d20ecee-84c0-460f-9ac1-5a9ff4dfe4f8/elements [39m[32m200[39m [90m163 ms - 139[39m
[35m[HTTP][39m [90m[39m
[35m[HTTP][39m [37m-->[39m [37mGET[39m [37m/wd/hub/session/5d20ecee-84c0-460f-9ac1-5a9ff4dfe4f8/window/rect[39m
[35m[HTTP][39m [90m{}[39m
[35m[HTTP][39m [37m<-- GET /wd/hub/session/5d20ecee-84c0-460f-9ac1-5a9ff4dfe4f8/window/rect [39m[32m200[39m [90m21 ms - 50[39m
[35m[HTTP][39m [90m[39m
[35m[HTTP][39m [37m-->[39m [37mPOST[39m [37m/wd/hub/session/5d20ecee-84c0-460f-9ac1-5a9ff4dfe4f8/elements[39m
[35m[HTTP][39m [90m{"using":"xpath","value":"//*[@class = 'android.widget.EditText' and (@text = '1' or . = '1')]"}[39m
[35m[HTTP][39m [37m<-- POST /wd/hub/session/5d20ecee-84c0-460f-9ac1-5a9ff4dfe4f8/elements [39m[32m200[39m [90m138 ms - 139[39m
[35m[HTTP][39m [90m[39m
[35m[HTTP][39m [37m-->[39m [37mGET[39m [37m/wd/hub/session/5d20ecee-84c0-460f-9ac1-5a9ff4dfe4f8/element/00000000-0000-0012-ffff-ffff00000328/location[39m
[35m[HTTP][39m [90m{}[39m
[35m[W3C (5d20ecee)][39m Driver proxy active, passing request on via HTTP proxy
[35m[WD Proxy][39m Replacing sessionId 985e3ffa-25d7-4d07-8fc4-d411fd1db159 with 5d20ecee-84c0-460f-9ac1-5a9ff4dfe4f8
[35m[HTTP][39m [37m<-- GET /wd/hub/session/5d20ecee-84c0-460f-9ac1-5a9ff4dfe4f8/element/00000000-0000-0012-ffff-ffff00000328/location [39m[32m200[39m [90m20 ms - 79[39m
[35m[HTTP][39m [90m[39m
[35m[HTTP][39m [37m-->[39m [37mPOST[39m [37m/wd/hub/session/5d20ecee-84c0-460f-9ac1-5a9ff4dfe4f8/element/00000000-0000-0012-ffff-ffff00000328/clear[39m
[35m[HTTP][39m [90m{"id":"00000000-0000-0012-ffff-ffff00000328"}[39m
[35m[HTTP][39m [37m<-- POST /wd/hub/session/5d20ecee-84c0-460f-9ac1-5a9ff4dfe4f8/element/00000000-0000-0012-ffff-ffff00000328/clear [39m[32m200[39m [90m28 ms - 14[39m
[35m[HTTP][39m [90m[39m
[35m[HTTP][39m [37m-->[39m [37mPOST[39m [37m/wd/hub/session/5d20ecee-84c0-460f-9ac1-5a9ff4dfe4f8/element/00000000-0000-0012-ffff-ffff00000328/value[39m
[35m[HTTP][39m [90m{"id":"00000000-0000-0012-ffff-ffff00000328","text":"2","value":["2"]}[39m
[35m[HTTP][39m [37m<-- POST /wd/hub/session/5d20ecee-84c0-460f-9ac1-5a9ff4dfe4f8/element/00000000-0000-0012-ffff-ffff00000328/value [39m[32m200[39m [90m577 ms - 14[39m
[35m[HTTP][39m [90m[39m
[35m[HTTP][39m [37m-->[39m [37mGET[39m [37m/wd/hub/session/5d20ecee-84c0-460f-9ac1-5a9ff4dfe4f8/source[39m
[35m[HTTP][39m [90m{}[39m
[35m[W3C (5d20ecee)][39m Driver proxy active, passing request on via HTTP proxy
[35m[WD Proxy][39m Replacing sessionId 985e3ffa-25d7-4d07-8fc4-d411fd1db159 with 5d20ecee-84c0-460f-9ac1-5a9ff4dfe4f8
[35m[HTTP][39m [37m<-- GET /wd/hub/session/5d20ecee-84c0-460f-9ac1-5a9ff4dfe4f8/source [39m[32m200[39m [90m92 ms - 23080[39m
[35m[HTTP][39m [90m[39m
[35m[HTTP][39m [37m-->[39m [37mGET[39m [37m/wd/hub/session/5d20ecee-84c0-460f-9ac1-5a9ff4dfe4f8/screenshot[39m
[35m[HTTP][39m [90m{}[39m
[35m[HTTP][39m [37m<-- GET /wd/hub/session/5d20ecee-84c0-460f-9ac1-5a9ff4dfe4f8/screenshot [39m[32m200[39m [90m926 ms - 1044914[39m
[35m[HTTP][39m [90m[39m
[35m[HTTP][39m [37m-->[39m [37mPOST[39m [37m/wd/hub/session/5d20ecee-84c0-460f-9ac1-5a9ff4dfe4f8/elements[39m
[35m[HTTP][39m [90m{"using":"xpath","value":"//*[@class = 'android.widget.TextView' and (@text = 'Add to Bag' or . = 'Add to Bag')]"}[39m
[35m[HTTP][39m [37m<-- POST /wd/hub/session/5d20ecee-84c0-460f-9ac1-5a9ff4dfe4f8/elements [39m[32m200[39m [90m156 ms - 139[39m
[35m[HTTP][39m [90m[39m
[35m[HTTP][39m [37m-->[39m [37mGET[39m [37m/wd/hub/session/5d20ecee-84c0-460f-9ac1-5a9ff4dfe4f8/window/rect[39m
[35m[HTTP][39m [90m{}[39m
[35m[HTTP][39m [37m<-- GET /wd/hub/session/5d20ecee-84c0-460f-9ac1-5a9ff4dfe4f8/window/rect [39m[32m200[39m [90m16 ms - 50[39m
[35m[HTTP][39m [90m[39m
[35m[HTTP][39m [37m-->[39m [37mPOST[39m [37m/wd/hub/session/5d20ecee-84c0-460f-9ac1-5a9ff4dfe4f8/elements[39m
[35m[HTTP][39m [90m{"using":"xpath","value":"//*[@class = 'android.widget.TextView' and (@text = 'Add to Bag' or . = 'Add to Bag')]"}[39m
[35m[HTTP][39m [37m<-- POST /wd/hub/session/5d20ecee-84c0-460f-9ac1-5a9ff4dfe4f8/elements [39m[32m200[39m [90m158 ms - 139[39m
[35m[HTTP][39m [90m[39m
[35m[HTTP][39m [37m-->[39m [37mGET[39m [37m/wd/hub/session/5d20ecee-84c0-460f-9ac1-5a9ff4dfe4f8/element/00000000-0000-0012-ffff-ffff0000032a/location[39m
[35m[HTTP][39m [90m{}[39m
[35m[W3C (5d20ecee)][39m Driver proxy active, passing request on via HTTP proxy
[35m[WD Proxy][39m Replacing sessionId 985e3ffa-25d7-4d07-8fc4-d411fd1db159 with 5d20ecee-84c0-460f-9ac1-5a9ff4dfe4f8
[35m[HTTP][39m [37m<-- GET /wd/hub/session/5d20ecee-84c0-460f-9ac1-5a9ff4dfe4f8/element/00000000-0000-0012-ffff-ffff0000032a/location [39m[32m200[39m [90m30 ms - 78[39m
[35m[HTTP][39m [90m[39m
[35m[HTTP][39m [37m-->[39m [37mPOST[39m [37m/wd/hub/session/5d20ecee-84c0-460f-9ac1-5a9ff4dfe4f8/element/00000000-0000-0012-ffff-ffff0000032a/click[39m
[35m[HTTP][39m [90m{"id":"00000000-0000-0012-ffff-ffff0000032a"}[39m
[35m[HTTP][39m [37m<-- POST /wd/hub/session/5d20ecee-84c0-460f-9ac1-5a9ff4dfe4f8/element/00000000-0000-0012-ffff-ffff0000032a/click [39m[32m200[39m [90m77 ms - 14[39m
[35m[HTTP][39m [90m[39m
[35m[HTTP][39m [37m-->[39m [37mGET[39m [37m/wd/hub/session/5d20ecee-84c0-460f-9ac1-5a9ff4dfe4f8/source[39m
[35m[HTTP][39m [90m{}[39m
[35m[W3C (5d20ecee)][39m Driver proxy active, passing request on via HTTP proxy
[35m[WD Proxy][39m Replacing sessionId 985e3ffa-25d7-4d07-8fc4-d411fd1db159 with 5d20ecee-84c0-460f-9ac1-5a9ff4dfe4f8
[35m[HTTP][39m [37m<-- GET /wd/hub/session/5d20ecee-84c0-460f-9ac1-5a9ff4dfe4f8/source [39m[32m200[39m [90m518 ms - 23999[39m
[35m[HTTP][39m [90m[39m
[35m[HTTP][39m [37m-->[39m [37mGET[39m [37m/wd/hub/session/5d20ecee-84c0-460f-9ac1-5a9ff4dfe4f8/screenshot[39m
[35m[HTTP][39m [90m{}[39m
[35m[HTTP][39m [37m<-- GET /wd/hub/session/5d20ecee-84c0-460f-9ac1-5a9ff4dfe4f8/screenshot [39m[32m200[39m [90m1237 ms - 1040672[39m
[35m[HTTP][39m [90m[39m
[35m[HTTP][39m [37m-->[39m [37mGET[39m [37m/wd/hub/session/5d20ecee-84c0-460f-9ac1-5a9ff4dfe4f8/context[39m
[35m[HTTP][39m [90m{}[39m
[35m[HTTP][39m [37m<-- GET /wd/hub/session/5d20ecee-84c0-460f-9ac1-5a9ff4dfe4f8/context [39m[32m200[39m [90m3 ms - 22[39m
[35m[HTTP][39m [90m[39m
[35m[HTTP][39m [37m-->[39m [37mGET[39m [37m/wd/hub/session/5d20ecee-84c0-460f-9ac1-5a9ff4dfe4f8/contexts[39m
[35m[HTTP][39m [90m{}[39m
[35m[HTTP][39m [37m<-- GET /wd/hub/session/5d20ecee-84c0-460f-9ac1-5a9ff4dfe4f8/contexts [39m[32m200[39m [90m222 ms - 24[39m
[35m[HTTP][39m [90m[39m
[35m[HTTP][39m [37m-->[39m [37mPOST[39m [37m/wd/hub/session/5d20ecee-84c0-460f-9ac1-5a9ff4dfe4f8/context[39m
[35m[HTTP][39m [90m{"name":"NATIVE_APP"}[39m
[35m[HTTP][39m [37m<-- POST /wd/hub/session/5d20ecee-84c0-460f-9ac1-5a9ff4dfe4f8/context [39m[32m200[39m [90m3 ms - 14[39m
[35m[HTTP][39m [90m[39m
[35m[HTTP][39m [37m-->[39m [37mPOST[39m [37m/wd/hub/session/5d20ecee-84c0-460f-9ac1-5a9ff4dfe4f8/appium/device/press_keycode[39m
[35m[HTTP][39m [90m{"keycode":4}[39m
[35m[HTTP][39m [37m<-- POST /wd/hub/session/5d20ecee-84c0-460f-9ac1-5a9ff4dfe4f8/appium/device/press_keycode [39m[32m200[39m [90m131 ms - 14[39m
[35m[HTTP][39m [90m[39m
[35m[HTTP][39m [37m-->[39m [37mPOST[39m [37m/wd/hub/session/5d20ecee-84c0-460f-9ac1-5a9ff4dfe4f8/context[39m
[35m[HTTP][39m [90m{"name":"NATIVE_APP"}[39m
[35m[HTTP][39m [37m<-- POST /wd/hub/session/5d20ecee-84c0-460f-9ac1-5a9ff4dfe4f8/context [39m[32m200[39m [90m2 ms - 14[39m
[35m[HTTP][39m [90m[39m
[35m[HTTP][39m [37m-->[39m [37mGET[39m [37m/wd/hub/session/5d20ecee-84c0-460f-9ac1-5a9ff4dfe4f8/source[39m
[35m[HTTP][39m [90m{}[39m
[35m[W3C (5d20ecee)][39m Driver proxy active, passing request on via HTTP proxy
[35m[WD Proxy][39m Replacing sessionId 985e3ffa-25d7-4d07-8fc4-d411fd1db159 with 5d20ecee-84c0-460f-9ac1-5a9ff4dfe4f8
[35m[HTTP][39m [37m<-- GET /wd/hub/session/5d20ecee-84c0-460f-9ac1-5a9ff4dfe4f8/source [39m[32m200[39m [90m677 ms - 41347[39m
[35m[HTTP][39m [90m[39m
[35m[HTTP][39m [37m-->[39m [37mGET[39m [37m/wd/hub/session/5d20ecee-84c0-460f-9ac1-5a9ff4dfe4f8/screenshot[39m
[35m[HTTP][39m [90m{}[39m
[35m[HTTP][39m [37m<-- GET /wd/hub/session/5d20ecee-84c0-460f-9ac1-5a9ff4dfe4f8/screenshot [39m[32m200[39m [90m1389 ms - 847934[39m
[35m[HTTP][39m [90m[39m
[35m[HTTP][39m [37m-->[39m [37mGET[39m [37m/wd/hub/session/5d20ecee-84c0-460f-9ac1-5a9ff4dfe4f8/context[39m
[35m[HTTP][39m [90m{}[39m
[35m[HTTP][39m [37m<-- GET /wd/hub/session/5d20ecee-84c0-460f-9ac1-5a9ff4dfe4f8/context [39m[32m200[39m [90m21 ms - 22[39m
[35m[HTTP][39m [90m[39m
[35m[HTTP][39m [37m-->[39m [37mGET[39m [37m/wd/hub/session/5d20ecee-84c0-460f-9ac1-5a9ff4dfe4f8/contexts[39m
[35m[HTTP][39m [90m{}[39m
[35m[HTTP][39m [37m<-- GET /wd/hub/session/5d20ecee-84c0-460f-9ac1-5a9ff4dfe4f8/contexts [39m[32m200[39m [90m133 ms - 24[39m
[35m[HTTP][39m [90m[39m
[35m[HTTP][39m [37m-->[39m [37mPOST[39m [37m/wd/hub/session/5d20ecee-84c0-460f-9ac1-5a9ff4dfe4f8/context[39m
[35m[HTTP][39m [90m{"name":"NATIVE_APP"}[39m
[35m[HTTP][39m [37m<-- POST /wd/hub/session/5d20ecee-84c0-460f-9ac1-5a9ff4dfe4f8/context [39m[32m200[39m [90m2 ms - 14[39m
[35m[HTTP][39m [90m[39m
[35m[HTTP][39m [37m-->[39m [37mPOST[39m [37m/wd/hub/session/5d20ecee-84c0-460f-9ac1-5a9ff4dfe4f8/element[39m
[35m[HTTP][39m [90m{"using":"-android uiautomator","value":"new UiScrollable(new UiSelector().scrollable(true).instance(0)).scrollIntoView(new UiSelector().textContains(\"Lewis & Pearl Scentshop Dream 125ml\"))"}[39m
[35m[HTTP][39m [37m<-- POST /wd/hub/session/5d20ecee-84c0-460f-9ac1-5a9ff4dfe4f8/element [39m[32m200[39m [90m55 ms - 137[39m
[35m[HTTP][39m [90m[39m
[35m[HTTP][39m [37m-->[39m [37mPOST[39m [37m/wd/hub/session/5d20ecee-84c0-460f-9ac1-5a9ff4dfe4f8/context[39m
[35m[HTTP][39m [90m{"name":"NATIVE_APP"}[39m
[35m[HTTP][39m [37m<-- POST /wd/hub/session/5d20ecee-84c0-460f-9ac1-5a9ff4dfe4f8/context [39m[32m200[39m [90m1 ms - 14[39m
[35m[HTTP][39m [90m[39m
[35m[HTTP][39m [37m-->[39m [37mGET[39m [37m/wd/hub/session/5d20ecee-84c0-460f-9ac1-5a9ff4dfe4f8/source[39m
[35m[HTTP][39m [90m{}[39m
[35m[W3C (5d20ecee)][39m Driver proxy active, passing request on via HTTP proxy
[35m[WD Proxy][39m Replacing sessionId 985e3ffa-25d7-4d07-8fc4-d411fd1db159 with 5d20ecee-84c0-460f-9ac1-5a9ff4dfe4f8
[35m[HTTP][39m [37m<-- GET /wd/hub/session/5d20ecee-84c0-460f-9ac1-5a9ff4dfe4f8/source [39m[32m200[39m [90m76 ms - 25288[39m
[35m[HTTP][39m [90m[39m
[35m[HTTP][39m [37m-->[39m [37mGET[39m [37m/wd/hub/session/5d20ecee-84c0-460f-9ac1-5a9ff4dfe4f8/screenshot[39m
[35m[HTTP][39m [90m{}[39m
[35m[HTTP][39m [37m<-- GET /wd/hub/session/5d20ecee-84c0-460f-9ac1-5a9ff4dfe4f8/screenshot [39m[32m200[39m [90m631 ms - 544112[39m
[35m[HTTP][39m [90m[39m
[35m[HTTP][39m [37m-->[39m [37mGET[39m [37m/wd/hub/session/5d20ecee-84c0-460f-9ac1-5a9ff4dfe4f8/context[39m
[35m[HTTP][39m [90m{}[39m
[35m[HTTP][39m [37m<-- GET /wd/hub/session/5d20ecee-84c0-460f-9ac1-5a9ff4dfe4f8/context [39m[32m200[39m [90m2 ms - 22[39m
[35m[HTTP][39m [90m[39m
[35m[HTTP][39m [37m-->[39m [37mGET[39m [37m/wd/hub/session/5d20ecee-84c0-460f-9ac1-5a9ff4dfe4f8/contexts[39m
[35m[HTTP][39m [90m{}[39m
[35m[HTTP][39m [37m<-- GET /wd/hub/session/5d20ecee-84c0-460f-9ac1-5a9ff4dfe4f8/contexts [39m[32m200[39m [90m75 ms - 24[39m
[35m[HTTP][39m [90m[39m
[35m[HTTP][39m [37m-->[39m [37mPOST[39m [37m/wd/hub/session/5d20ecee-84c0-460f-9ac1-5a9ff4dfe4f8/context[39m
[35m[HTTP][39m [90m{"name":"NATIVE_APP"}[39m
[35m[HTTP][39m [37m<-- POST /wd/hub/session/5d20ecee-84c0-460f-9ac1-5a9ff4dfe4f8/context [39m[32m200[39m [90m1 ms - 14[39m
[35m[HTTP][39m [90m[39m
[35m[HTTP][39m [37m-->[39m [37mPOST[39m [37m/wd/hub/session/5d20ecee-84c0-460f-9ac1-5a9ff4dfe4f8/appium/device/press_keycode[39m
[35m[HTTP][39m [90m{"keycode":4}[39m
[35m[HTTP][39m [37m<-- POST /wd/hub/session/5d20ecee-84c0-460f-9ac1-5a9ff4dfe4f8/appium/device/press_keycode [39m[32m200[39m [90m75 ms - 14[39m
[35m[HTTP][39m [90m[39m
[35m[HTTP][39m [37m-->[39m [37mPOST[39m [37m/wd/hub/session/5d20ecee-84c0-460f-9ac1-5a9ff4dfe4f8/context[39m
[35m[HTTP][39m [90m{"name":"NATIVE_APP"}[39m
[35m[HTTP][39m [37m<-- POST /wd/hub/session/5d20ecee-84c0-460f-9ac1-5a9ff4dfe4f8/context [39m[32m200[39m [90m1 ms - 14[39m
[35m[HTTP][39m [90m[39m
[35m[HTTP][39m [37m-->[39m [37mGET[39m [37m/wd/hub/session/5d20ecee-84c0-460f-9ac1-5a9ff4dfe4f8/source[39m
[35m[HTTP][39m [90m{}[39m
[35m[W3C (5d20ecee)][39m Driver proxy active, passing request on via HTTP proxy
[35m[WD Proxy][39m Replacing sessionId 985e3ffa-25d7-4d07-8fc4-d411fd1db159 with 5d20ecee-84c0-460f-9ac1-5a9ff4dfe4f8
[35m[HTTP][39m [37m<-- GET /wd/hub/session/5d20ecee-84c0-460f-9ac1-5a9ff4dfe4f8/source [39m[32m200[39m [90m593 ms - 43151[39m
[35m[HTTP][39m [90m[39m
[35m[HTTP][39m [37m-->[39m [37mGET[39m [37m/wd/hub/session/5d20ecee-84c0-460f-9ac1-5a9ff4dfe4f8/screenshot[39m
[35m[HTTP][39m [90m{}[39m
[35m[HTTP][39m [37m<-- GET /wd/hub/session/5d20ecee-84c0-460f-9ac1-5a9ff4dfe4f8/screenshot [39m[32m200[39m [90m835 ms - 627728[39m
[35m[HTTP][39m [90m[39m
[35m[HTTP][39m [37m-->[39m [37mGET[39m [37m/wd/hub/session/5d20ecee-84c0-460f-9ac1-5a9ff4dfe4f8/context[39m
[35m[HTTP][39m [90m{}[39m
[35m[HTTP][39m [37m<-- GET /wd/hub/session/5d20ecee-84c0-460f-9ac1-5a9ff4dfe4f8/context [39m[32m200[39m [90m2 ms - 22[39m
[35m[HTTP][39m [90m[39m
[35m[HTTP][39m [37m-->[39m [37mGET[39m [37m/wd/hub/session/5d20ecee-84c0-460f-9ac1-5a9ff4dfe4f8/contexts[39m
[35m[HTTP][39m [90m{}[39m
[35m[HTTP][39m [37m<-- GET /wd/hub/session/5d20ecee-84c0-460f-9ac1-5a9ff4dfe4f8/contexts [39m[32m200[39m [90m69 ms - 24[39m
[35m[HTTP][39m [90m[39m
[35m[HTTP][39m [37m-->[39m [37mPOST[39m [37m/wd/hub/session/5d20ecee-84c0-460f-9ac1-5a9ff4dfe4f8/context[39m
[35m[HTTP][39m [90m{"name":"NATIVE_APP"}[39m
[35m[HTTP][39m [37m<-- POST /wd/hub/session/5d20ecee-84c0-460f-9ac1-5a9ff4dfe4f8/context [39m[32m200[39m [90m2 ms - 14[39m
[35m[HTTP][39m [90m[39m
[35m[HTTP][39m [37m-->[39m [37mPOST[39m [37m/wd/hub/session/5d20ecee-84c0-460f-9ac1-5a9ff4dfe4f8/element[39m
[35m[HTTP][39m [90m{"using":"-android uiautomator","value":"new UiScrollable(new UiSelector().scrollable(true).instance(0)).scrollIntoView(new UiSelector().textContains(\"Lewis & Pearl Scent Shop Sweet Paris Cologne 125ml\"))"}[39m
[35m[HTTP][39m [37m<-- POST /wd/hub/session/5d20ecee-84c0-460f-9ac1-5a9ff4dfe4f8/element [39m[32m200[39m [90m60 ms - 137[39m
[35m[HTTP][39m [90m[39m
[35m[HTTP][39m [37m-->[39m [37mPOST[39m [37m/wd/hub/session/5d20ecee-84c0-460f-9ac1-5a9ff4dfe4f8/context[39m
[35m[HTTP][39m [90m{"name":"NATIVE_APP"}[39m
[35m[HTTP][39m [37m<-- POST /wd/hub/session/5d20ecee-84c0-460f-9ac1-5a9ff4dfe4f8/context [39m[32m200[39m [90m1 ms - 14[39m
[35m[HTTP][39m [90m[39m
[35m[HTTP][39m [37m-->[39m [37mGET[39m [37m/wd/hub/session/5d20ecee-84c0-460f-9ac1-5a9ff4dfe4f8/source[39m
[35m[HTTP][39m [90m{}[39m
[35m[W3C (5d20ecee)][39m Driver proxy active, passing request on via HTTP proxy
[35m[WD Proxy][39m Replacing sessionId 985e3ffa-25d7-4d07-8fc4-d411fd1db159 with 5d20ecee-84c0-460f-9ac1-5a9ff4dfe4f8
[35m[HTTP][39m [37m<-- GET /wd/hub/session/5d20ecee-84c0-460f-9ac1-5a9ff4dfe4f8/source [39m[32m200[39m [90m154 ms - 43151[39m
[35m[HTTP][39m [90m[39m
[35m[HTTP][39m [37m-->[39m [37mGET[39m [37m/wd/hub/session/5d20ecee-84c0-460f-9ac1-5a9ff4dfe4f8/screenshot[39m
[35m[HTTP][39m [90m{}[39m
[35m[HTTP][39m [37m<-- GET /wd/hub/session/5d20ecee-84c0-460f-9ac1-5a9ff4dfe4f8/screenshot [39m[32m200[39m [90m685 ms - 626968[39m
[35m[HTTP][39m [90m[39m
[35m[HTTP][39m [37m-->[39m [37mPOST[39m [37m/wd/hub/session/5d20ecee-84c0-460f-9ac1-5a9ff4dfe4f8/elements[39m
[35m[HTTP][39m [90m{"using":"xpath","value":"//*[@class = 'android.view.ViewGroup' and (@text = '' or . = '')]"}[39m
[35m[HTTP][39m [37m<-- POST /wd/hub/session/5d20ecee-84c0-460f-9ac1-5a9ff4dfe4f8/elements [39m[32m200[39m [90m238 ms - 5387[39m
[35m[HTTP][39m [90m[39m
[35m[HTTP][39m [37m-->[39m [37mPOST[39m [37m/wd/hub/session/5d20ecee-84c0-460f-9ac1-5a9ff4dfe4f8/elements[39m
[35m[HTTP][39m [90m{"using":"-android uiautomator","value":"new UiSelector().className(\"android.view.ViewGroup\")"}[39m
[35m[HTTP][39m [37m<-- POST /wd/hub/session/5d20ecee-84c0-460f-9ac1-5a9ff4dfe4f8/elements [39m[32m200[39m [90m290 ms - 5387[39m
[35m[HTTP][39m [90m[39m
[35m[HTTP][39m [37m-->[39m [37mGET[39m [37m/wd/hub/session/5d20ecee-84c0-460f-9ac1-5a9ff4dfe4f8/window/rect[39m
[35m[HTTP][39m [90m{}[39m
[35m[HTTP][39m [37m<-- GET /wd/hub/session/5d20ecee-84c0-460f-9ac1-5a9ff4dfe4f8/window/rect [39m[32m200[39m [90m14 ms - 50[39m
[35m[HTTP][39m [90m[39m
[35m[HTTP][39m [37m-->[39m [37mPOST[39m [37m/wd/hub/session/5d20ecee-84c0-460f-9ac1-5a9ff4dfe4f8/elements[39m
[35m[HTTP][39m [90m{"using":"xpath","value":"//hierarchy/android.widget.FrameLayout[1]/android.widget.LinearLayout[1]/android.widget.FrameLayout[1]/android.widget.LinearLayout[1]/android.widget.FrameLayout[1]/android.widget.FrameLayout[1]/android.view.ViewGroup[1]/android.view.ViewGroup[2]/android.view.ViewGroup[1]/android.view.ViewGroup[1]/android.view.ViewGroup[1]/android.view.ViewGroup[1]/android.view.ViewGroup[1]/android.view.ViewGroup[1]/android.view.ViewGroup[1]/android.widget.ScrollView[1]/android.view.ViewGroup[1]/android.widget.ScrollView[1]/android.view.ViewGroup[1]/android.view.ViewGroup[2]/android.view.ViewGroup[1]/android.view.ViewGroup[1]/android.view.ViewGroup[1]"}[39m
[35m[HTTP][39m [37m<-- POST /wd/hub/session/5d20ecee-84c0-460f-9ac1-5a9ff4dfe4f8/elements [39m[32m200[39m [90m225 ms - 139[39m
[35m[HTTP][39m [90m[39m
[35m[HTTP][39m [37m-->[39m [37mGET[39m [37m/wd/hub/session/5d20ecee-84c0-460f-9ac1-5a9ff4dfe4f8/element/00000000-0000-0012-ffff-ffff0000019f/location[39m
[35m[HTTP][39m [90m{}[39m
[35m[W3C (5d20ecee)][39m Driver proxy active, passing request on via HTTP proxy
[35m[WD Proxy][39m Replacing sessionId 985e3ffa-25d7-4d07-8fc4-d411fd1db159 with 5d20ecee-84c0-460f-9ac1-5a9ff4dfe4f8
[35m[HTTP][39m [37m<-- GET /wd/hub/session/5d20ecee-84c0-460f-9ac1-5a9ff4dfe4f8/element/00000000-0000-0012-ffff-ffff0000019f/location [39m[32m200[39m [90m19 ms - 77[39m
[35m[HTTP][39m [90m[39m
[35m[HTTP][39m [37m-->[39m [37mPOST[39m [37m/wd/hub/session/5d20ecee-84c0-460f-9ac1-5a9ff4dfe4f8/element/00000000-0000-0012-ffff-ffff0000019f/click[39m
[35m[HTTP][39m [90m{"id":"00000000-0000-0012-ffff-ffff0000019f"}[39m
[35m[HTTP][39m [37m<-- POST /wd/hub/session/5d20ecee-84c0-460f-9ac1-5a9ff4dfe4f8/element/00000000-0000-0012-ffff-ffff0000019f/click [39m[32m200[39m [90m67 ms - 14[39m
[35m[HTTP][39m [90m[39m
[35m[HTTP][39m [37m-->[39m [37mGET[39m [37m/wd/hub/session/5d20ecee-84c0-460f-9ac1-5a9ff4dfe4f8/source[39m
[35m[HTTP][39m [90m{}[39m
[35m[W3C (5d20ecee)][39m Driver proxy active, passing request on via HTTP proxy
[35m[WD Proxy][39m Replacing sessionId 985e3ffa-25d7-4d07-8fc4-d411fd1db159 with 5d20ecee-84c0-460f-9ac1-5a9ff4dfe4f8
[35m[HTTP][39m [37m<-- GET /wd/hub/session/5d20ecee-84c0-460f-9ac1-5a9ff4dfe4f8/source [39m[32m200[39m [90m677 ms - 25314[39m
[35m[HTTP][39m [90m[39m
[35m[HTTP][39m [37m-->[39m [37mGET[39m [37m/wd/hub/session/5d20ecee-84c0-460f-9ac1-5a9ff4dfe4f8/screenshot[39m
[35m[HTTP][39m [90m{}[39m
[35m[HTTP][39m [37m<-- GET /wd/hub/session/5d20ecee-84c0-460f-9ac1-5a9ff4dfe4f8/screenshot [39m[32m200[39m [90m761 ms - 524888[39m
[35m[HTTP][39m [90m[39m
[35m[HTTP][39m [37m-->[39m [37mPOST[39m [37m/wd/hub/session/5d20ecee-84c0-460f-9ac1-5a9ff4dfe4f8/elements[39m
[35m[HTTP][39m [90m{"using":"xpath","value":"//*[@class = 'android.widget.TextView' and (@text = 'Add to Bag' or . = 'Add to Bag')]"}[39m
[35m[HTTP][39m [37m<-- POST /wd/hub/session/5d20ecee-84c0-460f-9ac1-5a9ff4dfe4f8/elements [39m[32m200[39m [90m163 ms - 139[39m
[35m[HTTP][39m [90m[39m
[35m[HTTP][39m [37m-->[39m [37mGET[39m [37m/wd/hub/session/5d20ecee-84c0-460f-9ac1-5a9ff4dfe4f8/window/rect[39m
[35m[HTTP][39m [90m{}[39m
[35m[HTTP][39m [37m<-- GET /wd/hub/session/5d20ecee-84c0-460f-9ac1-5a9ff4dfe4f8/window/rect [39m[32m200[39m [90m14 ms - 50[39m
[35m[HTTP][39m [90m[39m
[35m[HTTP][39m [37m-->[39m [37mPOST[39m [37m/wd/hub/session/5d20ecee-84c0-460f-9ac1-5a9ff4dfe4f8/elements[39m
[35m[HTTP][39m [90m{"using":"xpath","value":"//*[@class = 'android.widget.TextView' and (@text = 'Add to Bag' or . = 'Add to Bag')]"}[39m
[35m[HTTP][39m [37m<-- POST /wd/hub/session/5d20ecee-84c0-460f-9ac1-5a9ff4dfe4f8/elements [39m[32m200[39m [90m207 ms - 139[39m
[35m[HTTP][39m [90m[39m
[35m[HTTP][39m [37m-->[39m [37mGET[39m [37m/wd/hub/session/5d20ecee-84c0-460f-9ac1-5a9ff4dfe4f8/element/00000000-0000-0012-ffff-ffff000003d3/location[39m
[35m[HTTP][39m [90m{}[39m
[35m[W3C (5d20ecee)][39m Driver proxy active, passing request on via HTTP proxy
[35m[WD Proxy][39m Replacing sessionId 985e3ffa-25d7-4d07-8fc4-d411fd1db159 with 5d20ecee-84c0-460f-9ac1-5a9ff4dfe4f8
[35m[HTTP][39m [37m<-- GET /wd/hub/session/5d20ecee-84c0-460f-9ac1-5a9ff4dfe4f8/element/00000000-0000-0012-ffff-ffff000003d3/location [39m[32m200[39m [90m16 ms - 78[39m
[35m[HTTP][39m [90m[39m
[35m[HTTP][39m [37m-->[39m [37mPOST[39m [37m/wd/hub/session/5d20ecee-84c0-460f-9ac1-5a9ff4dfe4f8/element/00000000-0000-0012-ffff-ffff000003d3/click[39m
[35m[HTTP][39m [90m{"id":"00000000-0000-0012-ffff-ffff000003d3"}[39m
[35m[HTTP][39m [37m<-- POST /wd/hub/session/5d20ecee-84c0-460f-9ac1-5a9ff4dfe4f8/element/00000000-0000-0012-ffff-ffff000003d3/click [39m[32m200[39m [90m74 ms - 14[39m
[35m[HTTP][39m [90m[39m
[35m[HTTP][39m [37m-->[39m [37mGET[39m [37m/wd/hub/session/5d20ecee-84c0-460f-9ac1-5a9ff4dfe4f8/source[39m
[35m[HTTP][39m [90m{}[39m
[35m[W3C (5d20ecee)][39m Driver proxy active, passing request on via HTTP proxy
[35m[WD Proxy][39m Replacing sessionId 985e3ffa-25d7-4d07-8fc4-d411fd1db159 with 5d20ecee-84c0-460f-9ac1-5a9ff4dfe4f8
[35m[HTTP][39m [37m<-- GET /wd/hub/session/5d20ecee-84c0-460f-9ac1-5a9ff4dfe4f8/source [39m[32m200[39m [90m496 ms - 25377[39m
[35m[HTTP][39m [90m[39m
[35m[HTTP][39m [37m-->[39m [37mGET[39m [37m/wd/hub/session/5d20ecee-84c0-460f-9ac1-5a9ff4dfe4f8/screenshot[39m
[35m[HTTP][39m [90m{}[39m
[35m[HTTP][39m [37m<-- GET /wd/hub/session/5d20ecee-84c0-460f-9ac1-5a9ff4dfe4f8/screenshot [39m[32m200[39m [90m888 ms - 520112[39m
[35m[HTTP][39m [90m[39m
[35m[HTTP][39m [37m-->[39m [37mPOST[39m [37m/wd/hub/session/5d20ecee-84c0-460f-9ac1-5a9ff4dfe4f8/elements[39m
[35m[HTTP][39m [90m{"using":"xpath","value":"//*[@class = 'android.widget.ImageView' and (@text = '' or . = '')]"}[39m
[35m[HTTP][39m [37m<-- POST /wd/hub/session/5d20ecee-84c0-460f-9ac1-5a9ff4dfe4f8/elements [39m[32m200[39m [90m242 ms - 907[39m
[35m[HTTP][39m [90m[39m
[35m[HTTP][39m [37m-->[39m [37mPOST[39m [37m/wd/hub/session/5d20ecee-84c0-460f-9ac1-5a9ff4dfe4f8/elements[39m
[35m[HTTP][39m [90m{"using":"-android uiautomator","value":"new UiSelector().className(\"android.widget.ImageView\")"}[39m
[35m[HTTP][39m [37m<-- POST /wd/hub/session/5d20ecee-84c0-460f-9ac1-5a9ff4dfe4f8/elements [39m[32m200[39m [90m160 ms - 907[39m
[35m[HTTP][39m [90m[39m
[35m[HTTP][39m [37m-->[39m [37mGET[39m [37m/wd/hub/session/5d20ecee-84c0-460f-9ac1-5a9ff4dfe4f8/window/rect[39m
[35m[HTTP][39m [90m{}[39m
[35m[HTTP][39m [37m<-- GET /wd/hub/session/5d20ecee-84c0-460f-9ac1-5a9ff4dfe4f8/window/rect [39m[32m200[39m [90m10 ms - 50[39m
[35m[HTTP][39m [90m[39m
[35m[HTTP][39m [37m-->[39m [37mPOST[39m [37m/wd/hub/session/5d20ecee-84c0-460f-9ac1-5a9ff4dfe4f8/elements[39m
[35m[HTTP][39m [90m{"using":"xpath","value":"//hierarchy/android.widget.FrameLayout[1]/android.widget.LinearLayout[1]/android.widget.FrameLayout[1]/android.widget.LinearLayout[1]/android.widget.FrameLayout[1]/android.widget.FrameLayout[1]/android.view.ViewGroup[1]/android.view.ViewGroup[2]/android.view.ViewGroup[2]/android.view.ViewGroup[3]/android.widget.ImageView[1]"}[39m
[35m[HTTP][39m [37m<-- POST /wd/hub/session/5d20ecee-84c0-460f-9ac1-5a9ff4dfe4f8/elements [39m[32m200[39m [90m100 ms - 139[39m
[35m[HTTP][39m [90m[39m
[35m[HTTP][39m [37m-->[39m [37mGET[39m [37m/wd/hub/session/5d20ecee-84c0-460f-9ac1-5a9ff4dfe4f8/element/00000000-0000-0012-ffff-ffff0000006a/location[39m
[35m[HTTP][39m [90m{}[39m
[35m[W3C (5d20ecee)][39m Driver proxy active, passing request on via HTTP proxy
[35m[WD Proxy][39m Replacing sessionId 985e3ffa-25d7-4d07-8fc4-d411fd1db159 with 5d20ecee-84c0-460f-9ac1-5a9ff4dfe4f8
[35m[HTTP][39m [37m<-- GET /wd/hub/session/5d20ecee-84c0-460f-9ac1-5a9ff4dfe4f8/element/00000000-0000-0012-ffff-ffff0000006a/location [39m[32m200[39m [90m18 ms - 79[39m
[35m[HTTP][39m [90m[39m
[35m[HTTP][39m [37m-->[39m [37mPOST[39m [37m/wd/hub/session/5d20ecee-84c0-460f-9ac1-5a9ff4dfe4f8/element/00000000-0000-0012-ffff-ffff0000006a/click[39m
[35m[HTTP][39m [90m{"id":"00000000-0000-0012-ffff-ffff0000006a"}[39m
[35m[HTTP][39m [37m<-- POST /wd/hub/session/5d20ecee-84c0-460f-9ac1-5a9ff4dfe4f8/element/00000000-0000-0012-ffff-ffff0000006a/click [39m[32m200[39m [90m43 ms - 14[39m
[35m[HTTP][39m [90m[39m
[35m[HTTP][39m [37m-->[39m [37mGET[39m [37m/wd/hub/session/5d20ecee-84c0-460f-9ac1-5a9ff4dfe4f8/source[39m
[35m[HTTP][39m [90m{}[39m
[35m[W3C (5d20ecee)][39m Driver proxy active, passing request on via HTTP proxy
[35m[WD Proxy][39m Replacing sessionId 985e3ffa-25d7-4d07-8fc4-d411fd1db159 with 5d20ecee-84c0-460f-9ac1-5a9ff4dfe4f8
[35m[HTTP][39m [37m<-- GET /wd/hub/session/5d20ecee-84c0-460f-9ac1-5a9ff4dfe4f8/source [39m[32m200[39m [90m163 ms - 24522[39m
[35m[HTTP][39m [90m[39m
[35m[HTTP][39m [37m-->[39m [37mGET[39m [37m/wd/hub/session/5d20ecee-84c0-460f-9ac1-5a9ff4dfe4f8/screenshot[39m
[35m[HTTP][39m [90m{}[39m
[35m[HTTP][39m [37m<-- GET /wd/hub/session/5d20ecee-84c0-460f-9ac1-5a9ff4dfe4f8/screenshot [39m[32m200[39m [90m681 ms - 132666[39m
[35m[HTTP][39m [90m[39m
[35m[HTTP][39m [37m-->[39m [37mPOST[39m [37m/wd/hub/session/5d20ecee-84c0-460f-9ac1-5a9ff4dfe4f8/elements[39m
[35m[HTTP][39m [90m{"using":"xpath","value":"//*[@class = 'android.widget.TextView' and (@text = 'Checkout' or . = 'Checkout')]"}[39m
[35m[HTTP][39m [37m<-- POST /wd/hub/session/5d20ecee-84c0-460f-9ac1-5a9ff4dfe4f8/elements [39m[32m200[39m [90m455 ms - 139[39m
[35m[HTTP][39m [90m[39m
[35m[HTTP][39m [37m-->[39m [37mGET[39m [37m/wd/hub/session/5d20ecee-84c0-460f-9ac1-5a9ff4dfe4f8/window/rect[39m
[35m[HTTP][39m [90m{}[39m
[35m[HTTP][39m [37m<-- GET /wd/hub/session/5d20ecee-84c0-460f-9ac1-5a9ff4dfe4f8/window/rect [39m[32m200[39m [90m21 ms - 50[39m
[35m[HTTP][39m [90m[39m
[35m[HTTP][39m [37m-->[39m [37mPOST[39m [37m/wd/hub/session/5d20ecee-84c0-460f-9ac1-5a9ff4dfe4f8/elements[39m
[35m[HTTP][39m [90m{"using":"xpath","value":"//*[@class = 'android.widget.TextView' and (@text = 'Checkout' or . = 'Checkout')]"}[39m
[35m[HTTP][39m [37m<-- POST /wd/hub/session/5d20ecee-84c0-460f-9ac1-5a9ff4dfe4f8/elements [39m[32m200[39m [90m156 ms - 139[39m
[35m[HTTP][39m [90m[39m
[35m[HTTP][39m [37m-->[39m [37mGET[39m [37m/wd/hub/session/5d20ecee-84c0-460f-9ac1-5a9ff4dfe4f8/element/00000000-0000-0012-ffff-ffff00000346/location[39m
[35m[HTTP][39m [90m{}[39m
[35m[W3C (5d20ecee)][39m Driver proxy active, passing request on via HTTP proxy
[35m[WD Proxy][39m Replacing sessionId 985e3ffa-25d7-4d07-8fc4-d411fd1db159 with 5d20ecee-84c0-460f-9ac1-5a9ff4dfe4f8
[35m[HTTP][39m [37m<-- GET /wd/hub/session/5d20ecee-84c0-460f-9ac1-5a9ff4dfe4f8/element/00000000-0000-0012-ffff-ffff00000346/location [39m[32m200[39m [90m28 ms - 77[39m
[35m[HTTP][39m [90m[39m
[35m[HTTP][39m [37m-->[39m [37mPOST[39m [37m/wd/hub/session/5d20ecee-84c0-460f-9ac1-5a9ff4dfe4f8/element/00000000-0000-0012-ffff-ffff00000346/click[39m
[35m[HTTP][39m [90m{"id":"00000000-0000-0012-ffff-ffff00000346"}[39m
[35m[HTTP][39m [37m<-- POST /wd/hub/session/5d20ecee-84c0-460f-9ac1-5a9ff4dfe4f8/element/00000000-0000-0012-ffff-ffff00000346/click [39m[32m200[39m [90m76 ms - 14[39m
[35m[HTTP][39m [90m[39m
[35m[HTTP][39m [37m-->[39m [37mGET[39m [37m/wd/hub/session/5d20ecee-84c0-460f-9ac1-5a9ff4dfe4f8/source[39m
[35m[HTTP][39m [90m{}[39m
[35m[W3C (5d20ecee)][39m Driver proxy active, passing request on via HTTP proxy
[35m[WD Proxy][39m Replacing sessionId 985e3ffa-25d7-4d07-8fc4-d411fd1db159 with 5d20ecee-84c0-460f-9ac1-5a9ff4dfe4f8
[35m[HTTP][39m [37m<-- GET /wd/hub/session/5d20ecee-84c0-460f-9ac1-5a9ff4dfe4f8/source [39m[32m200[39m [90m171 ms - 24522[39m
[35m[HTTP][39m [90m[39m
[35m[HTTP][39m [37m-->[39m [37mGET[39m [37m/wd/hub/session/5d20ecee-84c0-460f-9ac1-5a9ff4dfe4f8/screenshot[39m
[35m[HTTP][39m [90m{}[39m
[35m[HTTP][39m [37m<-- GET /wd/hub/session/5d20ecee-84c0-460f-9ac1-5a9ff4dfe4f8/screenshot [39m[32m200[39m [90m894 ms - 130346[39m
[35m[HTTP][39m [90m[39m
[35m[HTTP][39m [37m-->[39m [37mPOST[39m [37m/wd/hub/session/5d20ecee-84c0-460f-9ac1-5a9ff4dfe4f8/elements[39m
[35m[HTTP][39m [90m{"using":"xpath","value":"//*[@class = 'android.widget.TextView' and (@text = 'Checkout' or . = 'Checkout')]"}[39m
[35m[HTTP][39m [37m<-- POST /wd/hub/session/5d20ecee-84c0-460f-9ac1-5a9ff4dfe4f8/elements [39m[32m200[39m [90m17584 ms - 139[39m
[35m[HTTP][39m [90m[39m
[35m[HTTP][39m [37m-->[39m [37mGET[39m [37m/wd/hub/session/5d20ecee-84c0-460f-9ac1-5a9ff4dfe4f8/window/rect[39m
[35m[HTTP][39m [90m{}[39m
[35m[HTTP][39m [37m<-- GET /wd/hub/session/5d20ecee-84c0-460f-9ac1-5a9ff4dfe4f8/window/rect [39m[32m200[39m [90m19 ms - 50[39m
[35m[HTTP][39m [90m[39m
[35m[HTTP][39m [37m-->[39m [37mPOST[39m [37m/wd/hub/session/5d20ecee-84c0-460f-9ac1-5a9ff4dfe4f8/elements[39m
[35m[HTTP][39m [90m{"using":"xpath","value":"//*[@class = 'android.widget.TextView' and (@text = 'Checkout' or . = 'Checkout')]"}[39m
[35m[HTTP][39m [37m<-- POST /wd/hub/session/5d20ecee-84c0-460f-9ac1-5a9ff4dfe4f8/elements [39m[32m200[39m [90m178 ms - 139[39m
[35m[HTTP][39m [90m[39m
[35m[HTTP][39m [37m-->[39m [37mGET[39m [37m/wd/hub/session/5d20ecee-84c0-460f-9ac1-5a9ff4dfe4f8/element/00000000-0000-0012-ffff-ffff00000346/location[39m
[35m[HTTP][39m [90m{}[39m
[35m[W3C (5d20ecee)][39m Driver proxy active, passing request on via HTTP proxy
[35m[WD Proxy][39m Replacing sessionId 985e3ffa-25d7-4d07-8fc4-d411fd1db159 with 5d20ecee-84c0-460f-9ac1-5a9ff4dfe4f8
[35m[HTTP][39m [37m<-- GET /wd/hub/session/5d20ecee-84c0-460f-9ac1-5a9ff4dfe4f8/element/00000000-0000-0012-ffff-ffff00000346/location [39m[32m200[39m [90m41 ms - 77[39m
[35m[HTTP][39m [90m[39m
[35m[HTTP][39m [37m-->[39m [37mPOST[39m [37m/wd/hub/session/5d20ecee-84c0-460f-9ac1-5a9ff4dfe4f8/element/00000000-0000-0012-ffff-ffff00000346/click[39m
[35m[HTTP][39m [90m{"id":"00000000-0000-0012-ffff-ffff00000346"}[39m
[35m[HTTP][39m [37m<-- POST /wd/hub/session/5d20ecee-84c0-460f-9ac1-5a9ff4dfe4f8/element/00000000-0000-0012-ffff-ffff00000346/click [39m[32m200[39m [90m85 ms - 14[39m
[35m[HTTP][39m [90m[39m
[35m[HTTP][39m [37m-->[39m [37mGET[39m [37m/wd/hub/session/5d20ecee-84c0-460f-9ac1-5a9ff4dfe4f8/source[39m
[35m[HTTP][39m [90m{}[39m
[35m[W3C (5d20ecee)][39m Driver proxy active, passing request on via HTTP proxy
[35m[WD Proxy][39m Replacing sessionId 985e3ffa-25d7-4d07-8fc4-d411fd1db159 with 5d20ecee-84c0-460f-9ac1-5a9ff4dfe4f8
[35m[HTTP][39m [37m<-- GET /wd/hub/session/5d20ecee-84c0-460f-9ac1-5a9ff4dfe4f8/source [39m[32m200[39m [90m356 ms - 9182[39m
[35m[HTTP][39m [90m[39m
[35m[HTTP][39m [37m-->[39m [37mGET[39m [37m/wd/hub/session/5d20ecee-84c0-460f-9ac1-5a9ff4dfe4f8/screenshot[39m
[35m[HTTP][39m [90m{}[39m
[35m[HTTP][39m [37m<-- GET /wd/hub/session/5d20ecee-84c0-460f-9ac1-5a9ff4dfe4f8/screenshot [39m[32m200[39m [90m914 ms - 186494[39m
[35m[HTTP][39m [90m[39m
[35m[HTTP][39m [37m-->[39m [37mPOST[39m [37m/wd/hub/session/5d20ecee-84c0-460f-9ac1-5a9ff4dfe4f8/elements[39m
[35m[HTTP][39m [90m{"using":"xpath","value":"//*[@class = 'android.widget.Button' and (@text = 'Accept & continue' or . = 'Accept & continue') and @resource-id = 'com.android.chrome:id/terms_accept']"}[39m
[35m[HTTP][39m [37m<-- POST /wd/hub/session/5d20ecee-84c0-460f-9ac1-5a9ff4dfe4f8/elements [39m[32m200[39m [90m86 ms - 139[39m
[35m[HTTP][39m [90m[39m
[35m[HTTP][39m [37m-->[39m [37mGET[39m [37m/wd/hub/session/5d20ecee-84c0-460f-9ac1-5a9ff4dfe4f8/window/rect[39m
[35m[HTTP][39m [90m{}[39m
[35m[HTTP][39m [37m<-- GET /wd/hub/session/5d20ecee-84c0-460f-9ac1-5a9ff4dfe4f8/window/rect [39m[32m200[39m [90m16 ms - 50[39m
[35m[HTTP][39m [90m[39m
[35m[HTTP][39m [37m-->[39m [37mPOST[39m [37m/wd/hub/session/5d20ecee-84c0-460f-9ac1-5a9ff4dfe4f8/elements[39m
[35m[HTTP][39m [90m{"using":"xpath","value":"//*[@class = 'android.widget.Button' and (@text = 'Accept & continue' or . = 'Accept & continue') and @resource-id = 'com.android.chrome:id/terms_accept']"}[39m
[35m[HTTP][39m [37m<-- POST /wd/hub/session/5d20ecee-84c0-460f-9ac1-5a9ff4dfe4f8/elements [39m[32m200[39m [90m67 ms - 139[39m
[35m[HTTP][39m [90m[39m
[35m[HTTP][39m [37m-->[39m [37mGET[39m [37m/wd/hub/session/5d20ecee-84c0-460f-9ac1-5a9ff4dfe4f8/element/00000000-0000-0016-ffff-ffff0000004b/location[39m
[35m[HTTP][39m [90m{}[39m
[35m[W3C (5d20ecee)][39m Driver proxy active, passing request on via HTTP proxy
[35m[WD Proxy][39m Replacing sessionId 985e3ffa-25d7-4d07-8fc4-d411fd1db159 with 5d20ecee-84c0-460f-9ac1-5a9ff4dfe4f8
[35m[HTTP][39m [37m<-- GET /wd/hub/session/5d20ecee-84c0-460f-9ac1-5a9ff4dfe4f8/element/00000000-0000-0016-ffff-ffff0000004b/location [39m[32m200[39m [90m18 ms - 79[39m
[35m[HTTP][39m [90m[39m
[35m[HTTP][39m [37m-->[39m [37mPOST[39m [37m/wd/hub/session/5d20ecee-84c0-460f-9ac1-5a9ff4dfe4f8/element/00000000-0000-0016-ffff-ffff0000004b/click[39m
[35m[HTTP][39m [90m{"id":"00000000-0000-0016-ffff-ffff0000004b"}[39m
[35m[HTTP][39m [37m<-- POST /wd/hub/session/5d20ecee-84c0-460f-9ac1-5a9ff4dfe4f8/element/00000000-0000-0016-ffff-ffff0000004b/click [39m[32m200[39m [90m57 ms - 14[39m
[35m[HTTP][39m [90m[39m
[35m[HTTP][39m [37m-->[39m [37mGET[39m [37m/wd/hub/session/5d20ecee-84c0-460f-9ac1-5a9ff4dfe4f8/source[39m
[35m[HTTP][39m [90m{}[39m
[35m[W3C (5d20ecee)][39m Driver proxy active, passing request on via HTTP proxy
[35m[WD Proxy][39m Replacing sessionId 985e3ffa-25d7-4d07-8fc4-d411fd1db159 with 5d20ecee-84c0-460f-9ac1-5a9ff4dfe4f8
[35m[HTTP][39m [37m<-- GET /wd/hub/session/5d20ecee-84c0-460f-9ac1-5a9ff4dfe4f8/source [39m[32m200[39m [90m86 ms - 9407[39m
[35m[HTTP][39m [90m[39m
[35m[HTTP][39m [37m-->[39m [37mGET[39m [37m/wd/hub/session/5d20ecee-84c0-460f-9ac1-5a9ff4dfe4f8/screenshot[39m
[35m[HTTP][39m [90m{}[39m
[35m[HTTP][39m [37m<-- GET /wd/hub/session/5d20ecee-84c0-460f-9ac1-5a9ff4dfe4f8/screenshot [39m[32m200[39m [90m914 ms - 147618[39m
[35m[HTTP][39m [90m[39m
[35m[HTTP][39m [37m-->[39m [37mGET[39m [37m/wd/hub/session/5d20ecee-84c0-460f-9ac1-5a9ff4dfe4f8/source[39m
[35m[HTTP][39m [90m{}[39m
[35m[W3C (5d20ecee)][39m Driver proxy active, passing request on via HTTP proxy
[35m[WD Proxy][39m Replacing sessionId 985e3ffa-25d7-4d07-8fc4-d411fd1db159 with 5d20ecee-84c0-460f-9ac1-5a9ff4dfe4f8
[35m[HTTP][39m [37m<-- GET /wd/hub/session/5d20ecee-84c0-460f-9ac1-5a9ff4dfe4f8/source [39m[32m200[39m [90m154 ms - 25898[39m
[35m[HTTP][39m [90m[39m
[35m[HTTP][39m [37m-->[39m [37mGET[39m [37m/wd/hub/session/5d20ecee-84c0-460f-9ac1-5a9ff4dfe4f8/screenshot[39m
[35m[HTTP][39m [90m{}[39m
[35m[HTTP][39m [37m<-- GET /wd/hub/session/5d20ecee-84c0-460f-9ac1-5a9ff4dfe4f8/screenshot [39m[32m200[39m [90m539 ms - 155934[39m
[35m[HTTP][39m [90m[39m
[35m[HTTP][39m [37m-->[39m [37mPOST[39m [37m/wd/hub/session/5d20ecee-84c0-460f-9ac1-5a9ff4dfe4f8/elements[39m
[35m[HTTP][39m [90m{"using":"xpath","value":"//*[@class = 'android.widget.ImageView' and (@text = '' or . = '')]"}[39m
[35m[HTTP][39m [37m<-- POST /wd/hub/session/5d20ecee-84c0-460f-9ac1-5a9ff4dfe4f8/elements [39m[32m200[39m [90m203 ms - 1035[39m
[35m[HTTP][39m [90m[39m
[35m[HTTP][39m [37m-->[39m [37mPOST[39m [37m/wd/hub/session/5d20ecee-84c0-460f-9ac1-5a9ff4dfe4f8/elements[39m
[35m[HTTP][39m [90m{"using":"-android uiautomator","value":"new UiSelector().className(\"android.widget.ImageView\")"}[39m
[35m[HTTP][39m [37m<-- POST /wd/hub/session/5d20ecee-84c0-460f-9ac1-5a9ff4dfe4f8/elements [39m[32m200[39m [90m125 ms - 1035[39m
[35m[HTTP][39m [90m[39m
[35m[HTTP][39m [37m-->[39m [37mGET[39m [37m/wd/hub/session/5d20ecee-84c0-460f-9ac1-5a9ff4dfe4f8/window/rect[39m
[35m[HTTP][39m [90m{}[39m
[35m[HTTP][39m [37m<-- GET /wd/hub/session/5d20ecee-84c0-460f-9ac1-5a9ff4dfe4f8/window/rect [39m[32m200[39m [90m15 ms - 50[39m
[35m[HTTP][39m [90m[39m
[35m[HTTP][39m [37m-->[39m [37mPOST[39m [37m/wd/hub/session/5d20ecee-84c0-460f-9ac1-5a9ff4dfe4f8/elements[39m
[35m[HTTP][39m [90m{"using":"xpath","value":"//hierarchy/android.widget.FrameLayout[1]/android.widget.LinearLayout[1]/android.widget.FrameLayout[1]/android.widget.LinearLayout[1]/android.widget.FrameLayout[1]/android.widget.FrameLayout[1]/android.view.ViewGroup[1]/android.view.ViewGroup[2]/android.view.ViewGroup[1]/android.view.ViewGroup[1]/android.view.ViewGroup[1]/android.view.ViewGroup[1]/android.view.ViewGroup[1]/android.view.ViewGroup[1]/android.view.ViewGroup[1]/android.widget.ScrollView[1]/android.view.ViewGroup[1]/android.view.ViewGroup[1]/android.view.ViewGroup[1]/android.widget.ImageView[1]"}[39m
[35m[HTTP][39m [37m<-- POST /wd/hub/session/5d20ecee-84c0-460f-9ac1-5a9ff4dfe4f8/elements [39m[32m200[39m [90m60160 ms - 12[39m
[35m[HTTP][39m [90m[39m
[35m[HTTP][39m [37m-->[39m [37mPOST[39m [37m/wd/hub/session/5d20ecee-84c0-460f-9ac1-5a9ff4dfe4f8/elements[39m
[35m[HTTP][39m [90m{"using":"xpath","value":"//*[@class = 'android.view.ViewGroup' and (@text = '' or . = '')]"}[39m
[35m[HTTP][39m [37m<-- POST /wd/hub/session/5d20ecee-84c0-460f-9ac1-5a9ff4dfe4f8/elements [39m[32m200[39m [90m160 ms - 4107[39m
[35m[HTTP][39m [90m[39m
[35m[HTTP][39m [37m-->[39m [37mPOST[39m [37m/wd/hub/session/5d20ecee-84c0-460f-9ac1-5a9ff4dfe4f8/elements[39m
[35m[HTTP][39m [90m{"using":"-android uiautomator","value":"new UiSelector().className(\"android.view.ViewGroup\")"}[39m
[35m[HTTP][39m [37m<-- POST /wd/hub/session/5d20ecee-84c0-460f-9ac1-5a9ff4dfe4f8/elements [39m[32m200[39m [90m182 ms - 4107[39m
[35m[HTTP][39m [90m[39m
[35m[HTTP][39m [37m-->[39m [37mGET[39m [37m/wd/hub/session/5d20ecee-84c0-460f-9ac1-5a9ff4dfe4f8/window/rect[39m
[35m[HTTP][39m [90m{}[39m
[35m[HTTP][39m [37m<-- GET /wd/hub/session/5d20ecee-84c0-460f-9ac1-5a9ff4dfe4f8/window/rect [39m[32m200[39m [90m19 ms - 50[39m
[35m[HTTP][39m [90m[39m
[35m[HTTP][39m [37m-->[39m [37mPOST[39m [37m/wd/hub/session/5d20ecee-84c0-460f-9ac1-5a9ff4dfe4f8/elements[39m
[35m[HTTP][39m [90m{"using":"xpath","value":"//hierarchy/android.widget.FrameLayout[1]/android.widget.LinearLayout[1]/android.widget.FrameLayout[1]/android.widget.LinearLayout[1]/android.widget.FrameLayout[1]/android.widget.FrameLayout[1]/android.view.ViewGroup[1]/android.view.ViewGroup[2]/android.view.ViewGroup[1]/android.view.ViewGroup[1]/android.view.ViewGroup[1]/android.view.ViewGroup[1]/android.view.ViewGroup[1]/android.view.ViewGroup[1]/android.view.ViewGroup[1]/android.widget.ScrollView[1]/android.view.ViewGroup[1]/android.view.ViewGroup[1]/android.view.ViewGroup[1]"}[39m
[35m[HTTP][39m [37m<-- POST /wd/hub/session/5d20ecee-84c0-460f-9ac1-5a9ff4dfe4f8/elements [39m[32m200[39m [90m60085 ms - 12[39m
[35m[HTTP][39m [90m[39m
[35m[HTTP][39m [37m-->[39m [37mDELETE[39m [37m/wd/hub/session/5d20ecee-84c0-460f-9ac1-5a9ff4dfe4f8[39m
[35m[HTTP][39m [90m{}[39m
[35m[Appium][39m Removing session 5d20ecee-84c0-460f-9ac1-5a9ff4dfe4f8 from our master session list
[35m[UiAutomator2][39m Restoring hidden api policy to the device default configuration
[35m[HTTP][39m [37m<-- DELETE /wd/hub/session/5d20ecee-84c0-460f-9ac1-5a9ff4dfe4f8 [39m[32m200[39m [90m1704 ms - 14[39m
[35m[HTTP][39m [90m[39m
